<?xml version="1.0" encoding="UTF-8"?>
<beans xmlns="http://www.springframework.org/schema/beans"
       xmlns:xsi="http://www.w3.org/2001/XMLSchema-instance"
       xmlns:context="http://www.springframework.org/schema/context"
       xmlns:util="http://www.springframework.org/schema/util"
       xsi:schemaLocation="http://www.springframework.org/schema/beans http://www.springframework.org/schema/beans/spring-beans-3.0.xsd
               http://www.springframework.org/schema/context http://www.springframework.org/schema/context/spring-context-3.0.xsd http://www.springframework.org/schema/util http://www.springframework.org/schema/util/spring-util.xsd">
    <context:property-placeholder location="classpath*:maven.properties,classpath*:activemq.properties"/>

    <import resource="classpath:applicationPlatformCommonAPI.xml"/>
    <import resource="classpath:applicationScheduler.xml"/>
      <import resource="classpath:applicationPlatformServerAPI.xml"/>
    <import resource="classpath:applicationSmsHttp.xml"/>
    <import resource="classpath:applicationSmsAPI.xml"/>
    <import resource="classpath:applicationSchedulerTrackingAPI.xml"/>
    
    
     <util:properties id="opensrp" location="classpath:/opensrp.properties"/> 

    <context:annotation-config/>
    <context:component-scan base-package="org.opensrp.register.ziggy.repository"/>
    <context:component-scan base-package="org.opensrp.form"/>
    <context:component-scan base-package="org.opensrp.register"/>
    <context:component-scan base-package="org.opensrp.scheduler"/>
    <context:component-scan base-package="org.opensrp.service"/>
    <context:component-scan base-package="org.opensrp.repository"/>
    
    <bean id="httpClient" class="org.opensrp.util.OpenSRPHttpClientFactoryBean"/>

    <bean id="couchDbInstance" class="org.ektorp.impl.StdCouchDbInstance">
        <constructor-arg ref="httpClient"/>
    </bean>
    
    <bean id="opensrpDatabaseConnector" class="org.ektorp.impl.StdCouchDbConnector">
        <constructor-arg value="${couchdb.db.opensrp}"/>
        <constructor-arg ref="couchDbInstance"/>
    </bean>

    <bean id="opensrpMCTSDatabaseConnector" class="org.ektorp.impl.StdCouchDbConnector">
        <constructor-arg value="${couchdb.db.mcts}"/>
        <constructor-arg ref="couchDbInstance"/>
    </bean>
        <bean id="opensrpErrorTraceDatabaseConnector" class="org.ektorp.impl.StdCouchDbConnector">
        <constructor-arg value="${couchdb.db.error}"/>
        <constructor-arg ref="couchDbInstance"/>
    </bean>
    
    <bean id="opensrpFormDatabaseConnector" class="org.ektorp.impl.StdCouchDbConnector">
        <constructor-arg value="${couchdb.db.form}"/>
        <constructor-arg ref="couchDbInstance"/>
    </bean>
</beans>